[0.007s] Invoking command in '/home/sourcelinux/ros_parol/src/build/parol6_moveit': CMAKE_PREFIX_PATH=/home/sourcelinux/ros_parol/src/install/parol6:/home/sourcelinux/ros_parol/src/install/parol6_moveit:/home/sourcelinux/ros2_ws2/install/parol6_moveit:/home/sourcelinux/ros2_ws2/install/moveit_robot_arm_sim:/opt/ros/jazzy:/home/sourcelinux/ros2_ws2/install/parol6 /usr/bin/cmake --build /home/sourcelinux/ros_parol/src/build/parol6_moveit -- -j12 -l12
[0.045s] Invoked command in '/home/sourcelinux/ros_parol/src/build/parol6_moveit' returned '0': CMAKE_PREFIX_PATH=/home/sourcelinux/ros_parol/src/install/parol6:/home/sourcelinux/ros_parol/src/install/parol6_moveit:/home/sourcelinux/ros2_ws2/install/parol6_moveit:/home/sourcelinux/ros2_ws2/install/moveit_robot_arm_sim:/opt/ros/jazzy:/home/sourcelinux/ros2_ws2/install/parol6 /usr/bin/cmake --build /home/sourcelinux/ros_parol/src/build/parol6_moveit -- -j12 -l12
[0.046s] Invoking command in '/home/sourcelinux/ros_parol/src/build/parol6_moveit': CMAKE_PREFIX_PATH=/home/sourcelinux/ros_parol/src/install/parol6:/home/sourcelinux/ros_parol/src/install/parol6_moveit:/home/sourcelinux/ros2_ws2/install/parol6_moveit:/home/sourcelinux/ros2_ws2/install/moveit_robot_arm_sim:/opt/ros/jazzy:/home/sourcelinux/ros2_ws2/install/parol6 /usr/bin/cmake --install /home/sourcelinux/ros_parol/src/build/parol6_moveit
[0.053s] -- Install configuration: ""
[0.053s] -- Up-to-date: /home/sourcelinux/ros_parol/src/install/parol6_moveit/share/ament_index/resource_index/package_run_dependencies/parol6_moveit
[0.053s] -- Up-to-date: /home/sourcelinux/ros_parol/src/install/parol6_moveit/share/ament_index/resource_index/parent_prefix_path/parol6_moveit
[0.053s] -- Up-to-date: /home/sourcelinux/ros_parol/src/install/parol6_moveit/share/parol6_moveit/environment/ament_prefix_path.sh
[0.053s] -- Up-to-date: /home/sourcelinux/ros_parol/src/install/parol6_moveit/share/parol6_moveit/environment/ament_prefix_path.dsv
[0.053s] -- Up-to-date: /home/sourcelinux/ros_parol/src/install/parol6_moveit/share/parol6_moveit/environment/path.sh
[0.053s] -- Up-to-date: /home/sourcelinux/ros_parol/src/install/parol6_moveit/share/parol6_moveit/environment/path.dsv
[0.053s] -- Up-to-date: /home/sourcelinux/ros_parol/src/install/parol6_moveit/share/parol6_moveit/local_setup.bash
[0.053s] -- Up-to-date: /home/sourcelinux/ros_parol/src/install/parol6_moveit/share/parol6_moveit/local_setup.sh
[0.053s] -- Up-to-date: /home/sourcelinux/ros_parol/src/install/parol6_moveit/share/parol6_moveit/local_setup.zsh
[0.053s] -- Up-to-date: /home/sourcelinux/ros_parol/src/install/parol6_moveit/share/parol6_moveit/local_setup.dsv
[0.054s] -- Up-to-date: /home/sourcelinux/ros_parol/src/install/parol6_moveit/share/parol6_moveit/package.dsv
[0.054s] -- Up-to-date: /home/sourcelinux/ros_parol/src/install/parol6_moveit/share/ament_index/resource_index/packages/parol6_moveit
[0.054s] -- Up-to-date: /home/sourcelinux/ros_parol/src/install/parol6_moveit/share/parol6_moveit/cmake/parol6_moveitConfig.cmake
[0.054s] -- Up-to-date: /home/sourcelinux/ros_parol/src/install/parol6_moveit/share/parol6_moveit/cmake/parol6_moveitConfig-version.cmake
[0.054s] -- Up-to-date: /home/sourcelinux/ros_parol/src/install/parol6_moveit/share/parol6_moveit/package.xml
[0.054s] -- Up-to-date: /home/sourcelinux/ros_parol/src/install/parol6_moveit/share/parol6_moveit/launch
[0.054s] -- Up-to-date: /home/sourcelinux/ros_parol/src/install/parol6_moveit/share/parol6_moveit/launch/rsp.launch.py
[0.054s] -- Up-to-date: /home/sourcelinux/ros_parol/src/install/parol6_moveit/share/parol6_moveit/launch/spawn_controllers.launch.py
[0.054s] -- Up-to-date: /home/sourcelinux/ros_parol/src/install/parol6_moveit/share/parol6_moveit/launch/demo.launch.py
[0.054s] -- Up-to-date: /home/sourcelinux/ros_parol/src/install/parol6_moveit/share/parol6_moveit/launch/move_group.launch.py
[0.054s] -- Up-to-date: /home/sourcelinux/ros_parol/src/install/parol6_moveit/share/parol6_moveit/launch/warehouse_db.launch.py
[0.054s] -- Up-to-date: /home/sourcelinux/ros_parol/src/install/parol6_moveit/share/parol6_moveit/launch/setup_assistant.launch.py
[0.054s] -- Up-to-date: /home/sourcelinux/ros_parol/src/install/parol6_moveit/share/parol6_moveit/launch/moveit_rviz.launch.py
[0.054s] -- Up-to-date: /home/sourcelinux/ros_parol/src/install/parol6_moveit/share/parol6_moveit/launch/static_virtual_joint_tfs.launch.py
[0.054s] -- Up-to-date: /home/sourcelinux/ros_parol/src/install/parol6_moveit/share/parol6_moveit/config
[0.054s] -- Up-to-date: /home/sourcelinux/ros_parol/src/install/parol6_moveit/share/parol6_moveit/config/kinematics.yaml
[0.054s] -- Up-to-date: /home/sourcelinux/ros_parol/src/install/parol6_moveit/share/parol6_moveit/config/initial_positions.yaml
[0.054s] -- Up-to-date: /home/sourcelinux/ros_parol/src/install/parol6_moveit/share/parol6_moveit/config/parol6.srdf
[0.054s] -- Up-to-date: /home/sourcelinux/ros_parol/src/install/parol6_moveit/share/parol6_moveit/config/pilz_cartesian_limits.yaml
[0.054s] -- Up-to-date: /home/sourcelinux/ros_parol/src/install/parol6_moveit/share/parol6_moveit/config/parol6.urdf.xacro
[0.054s] -- Up-to-date: /home/sourcelinux/ros_parol/src/install/parol6_moveit/share/parol6_moveit/config/moveit_controllers.yaml
[0.054s] -- Up-to-date: /home/sourcelinux/ros_parol/src/install/parol6_moveit/share/parol6_moveit/config/joint_limits.yaml
[0.054s] -- Up-to-date: /home/sourcelinux/ros_parol/src/install/parol6_moveit/share/parol6_moveit/config/moveit.rviz
[0.054s] -- Up-to-date: /home/sourcelinux/ros_parol/src/install/parol6_moveit/share/parol6_moveit/config/ros2_controllers.yaml
[0.054s] -- Up-to-date: /home/sourcelinux/ros_parol/src/install/parol6_moveit/share/parol6_moveit/config/parol6.ros2_control.xacro
[0.054s] -- Up-to-date: /home/sourcelinux/ros_parol/src/install/parol6_moveit/share/parol6_moveit/.setup_assistant
[0.055s] Invoked command in '/home/sourcelinux/ros_parol/src/build/parol6_moveit' returned '0': CMAKE_PREFIX_PATH=/home/sourcelinux/ros_parol/src/install/parol6:/home/sourcelinux/ros_parol/src/install/parol6_moveit:/home/sourcelinux/ros2_ws2/install/parol6_moveit:/home/sourcelinux/ros2_ws2/install/moveit_robot_arm_sim:/opt/ros/jazzy:/home/sourcelinux/ros2_ws2/install/parol6 /usr/bin/cmake --install /home/sourcelinux/ros_parol/src/build/parol6_moveit
