[0.006s] Invoking command in '/home/sourcelinux/ros_parol/src/build/parol6_moveit': AMENT_PREFIX_PATH=/home/sourcelinux/ros_parol/src/install/parol6:${AMENT_PREFIX_PATH} CMAKE_PREFIX_PATH=/home/sourcelinux/ros_parol/src/install/parol6:/home/sourcelinux/ros2_ws2/install/parol6_moveit:/home/sourcelinux/ros2_ws2/install/moveit_robot_arm_sim:/opt/ros/jazzy:/home/sourcelinux/ros2_ws2/install/parol6 /usr/bin/cmake /home/sourcelinux/ros_parol/src/parol6_moveit -DCMAKE_INSTALL_PREFIX=/home/sourcelinux/ros_parol/src/install/parol6_moveit
[0.050s] -- The C compiler identification is GNU 11.4.0
[0.092s] -- The CXX compiler identification is GNU 11.4.0
[0.099s] -- Detecting C compiler ABI info
[0.153s] -- Detecting C compiler ABI info - done
[0.158s] -- Check for working C compiler: /usr/bin/cc - skipped
[0.158s] -- Detecting C compile features
[0.158s] -- Detecting C compile features - done
[0.160s] -- Detecting CXX compiler ABI info
[0.226s] -- Detecting CXX compiler ABI info - done
[0.231s] -- Check for working CXX compiler: /usr/bin/c++ - skipped
[0.231s] -- Detecting CXX compile features
[0.232s] -- Detecting CXX compile features - done
[0.234s] -- Found ament_cmake: 1.3.11 (/opt/ros/jazzy/share/ament_cmake/cmake)
[0.346s] -- Found Python3: /usr/bin/python3 (found version "3.10.12") found components: Interpreter 
[0.458s] -- Configuring done
[0.461s] -- Generating done
[0.462s] -- Build files have been written to: /home/sourcelinux/ros_parol/src/build/parol6_moveit
[0.466s] Invoked command in '/home/sourcelinux/ros_parol/src/build/parol6_moveit' returned '0': AMENT_PREFIX_PATH=/home/sourcelinux/ros_parol/src/install/parol6:${AMENT_PREFIX_PATH} CMAKE_PREFIX_PATH=/home/sourcelinux/ros_parol/src/install/parol6:/home/sourcelinux/ros2_ws2/install/parol6_moveit:/home/sourcelinux/ros2_ws2/install/moveit_robot_arm_sim:/opt/ros/jazzy:/home/sourcelinux/ros2_ws2/install/parol6 /usr/bin/cmake /home/sourcelinux/ros_parol/src/parol6_moveit -DCMAKE_INSTALL_PREFIX=/home/sourcelinux/ros_parol/src/install/parol6_moveit
[0.467s] Invoking command in '/home/sourcelinux/ros_parol/src/build/parol6_moveit': AMENT_PREFIX_PATH=/home/sourcelinux/ros_parol/src/install/parol6:${AMENT_PREFIX_PATH} CMAKE_PREFIX_PATH=/home/sourcelinux/ros_parol/src/install/parol6:/home/sourcelinux/ros2_ws2/install/parol6_moveit:/home/sourcelinux/ros2_ws2/install/moveit_robot_arm_sim:/opt/ros/jazzy:/home/sourcelinux/ros2_ws2/install/parol6 /usr/bin/cmake --build /home/sourcelinux/ros_parol/src/build/parol6_moveit -- -j12 -l12
[0.501s] Invoked command in '/home/sourcelinux/ros_parol/src/build/parol6_moveit' returned '0': AMENT_PREFIX_PATH=/home/sourcelinux/ros_parol/src/install/parol6:${AMENT_PREFIX_PATH} CMAKE_PREFIX_PATH=/home/sourcelinux/ros_parol/src/install/parol6:/home/sourcelinux/ros2_ws2/install/parol6_moveit:/home/sourcelinux/ros2_ws2/install/moveit_robot_arm_sim:/opt/ros/jazzy:/home/sourcelinux/ros2_ws2/install/parol6 /usr/bin/cmake --build /home/sourcelinux/ros_parol/src/build/parol6_moveit -- -j12 -l12
[0.502s] Invoking command in '/home/sourcelinux/ros_parol/src/build/parol6_moveit': AMENT_PREFIX_PATH=/home/sourcelinux/ros_parol/src/install/parol6:${AMENT_PREFIX_PATH} CMAKE_PREFIX_PATH=/home/sourcelinux/ros_parol/src/install/parol6:/home/sourcelinux/ros2_ws2/install/parol6_moveit:/home/sourcelinux/ros2_ws2/install/moveit_robot_arm_sim:/opt/ros/jazzy:/home/sourcelinux/ros2_ws2/install/parol6 /usr/bin/cmake --install /home/sourcelinux/ros_parol/src/build/parol6_moveit
[0.509s] -- Install configuration: ""
[0.509s] -- Installing: /home/sourcelinux/ros_parol/src/install/parol6_moveit/share/ament_index/resource_index/package_run_dependencies/parol6_moveit
[0.509s] -- Installing: /home/sourcelinux/ros_parol/src/install/parol6_moveit/share/ament_index/resource_index/parent_prefix_path/parol6_moveit
[0.509s] -- Installing: /home/sourcelinux/ros_parol/src/install/parol6_moveit/share/parol6_moveit/environment/ament_prefix_path.sh
[0.510s] -- Installing: /home/sourcelinux/ros_parol/src/install/parol6_moveit/share/parol6_moveit/environment/ament_prefix_path.dsv
[0.510s] -- Installing: /home/sourcelinux/ros_parol/src/install/parol6_moveit/share/parol6_moveit/environment/path.sh
[0.510s] -- Installing: /home/sourcelinux/ros_parol/src/install/parol6_moveit/share/parol6_moveit/environment/path.dsv
[0.510s] -- Installing: /home/sourcelinux/ros_parol/src/install/parol6_moveit/share/parol6_moveit/local_setup.bash
[0.510s] -- Installing: /home/sourcelinux/ros_parol/src/install/parol6_moveit/share/parol6_moveit/local_setup.sh
[0.510s] -- Installing: /home/sourcelinux/ros_parol/src/install/parol6_moveit/share/parol6_moveit/local_setup.zsh
[0.510s] -- Installing: /home/sourcelinux/ros_parol/src/install/parol6_moveit/share/parol6_moveit/local_setup.dsv
[0.510s] -- Installing: /home/sourcelinux/ros_parol/src/install/parol6_moveit/share/parol6_moveit/package.dsv
[0.510s] -- Installing: /home/sourcelinux/ros_parol/src/install/parol6_moveit/share/ament_index/resource_index/packages/parol6_moveit
[0.511s] -- Installing: /home/sourcelinux/ros_parol/src/install/parol6_moveit/share/parol6_moveit/cmake/parol6_moveitConfig.cmake
[0.511s] -- Installing: /home/sourcelinux/ros_parol/src/install/parol6_moveit/share/parol6_moveit/cmake/parol6_moveitConfig-version.cmake
[0.511s] -- Installing: /home/sourcelinux/ros_parol/src/install/parol6_moveit/share/parol6_moveit/package.xml
[0.511s] -- Installing: /home/sourcelinux/ros_parol/src/install/parol6_moveit/share/parol6_moveit/launch
[0.511s] -- Installing: /home/sourcelinux/ros_parol/src/install/parol6_moveit/share/parol6_moveit/launch/rsp.launch.py
[0.511s] -- Installing: /home/sourcelinux/ros_parol/src/install/parol6_moveit/share/parol6_moveit/launch/spawn_controllers.launch.py
[0.511s] -- Installing: /home/sourcelinux/ros_parol/src/install/parol6_moveit/share/parol6_moveit/launch/demo.launch.py
[0.511s] -- Installing: /home/sourcelinux/ros_parol/src/install/parol6_moveit/share/parol6_moveit/launch/move_group.launch.py
[0.511s] -- Installing: /home/sourcelinux/ros_parol/src/install/parol6_moveit/share/parol6_moveit/launch/warehouse_db.launch.py
[0.512s] -- Installing: /home/sourcelinux/ros_parol/src/install/parol6_moveit/share/parol6_moveit/launch/setup_assistant.launch.py
[0.512s] -- Installing: /home/sourcelinux/ros_parol/src/install/parol6_moveit/share/parol6_moveit/launch/moveit_rviz.launch.py
[0.512s] -- Installing: /home/sourcelinux/ros_parol/src/install/parol6_moveit/share/parol6_moveit/launch/static_virtual_joint_tfs.launch.py
[0.512s] -- Installing: /home/sourcelinux/ros_parol/src/install/parol6_moveit/share/parol6_moveit/config
[0.512s] -- Installing: /home/sourcelinux/ros_parol/src/install/parol6_moveit/share/parol6_moveit/config/kinematics.yaml
[0.512s] -- Installing: /home/sourcelinux/ros_parol/src/install/parol6_moveit/share/parol6_moveit/config/initial_positions.yaml
[0.512s] -- Installing: /home/sourcelinux/ros_parol/src/install/parol6_moveit/share/parol6_moveit/config/parol6.srdf
[0.512s] -- Installing: /home/sourcelinux/ros_parol/src/install/parol6_moveit/share/parol6_moveit/config/pilz_cartesian_limits.yaml
[0.512s] -- Installing: /home/sourcelinux/ros_parol/src/install/parol6_moveit/share/parol6_moveit/config/parol6.urdf.xacro
[0.512s] -- Installing: /home/sourcelinux/ros_parol/src/install/parol6_moveit/share/parol6_moveit/config/moveit_controllers.yaml
[0.512s] -- Installing: /home/sourcelinux/ros_parol/src/install/parol6_moveit/share/parol6_moveit/config/joint_limits.yaml
[0.513s] -- Installing: /home/sourcelinux/ros_parol/src/install/parol6_moveit/share/parol6_moveit/config/moveit.rviz
[0.513s] -- Installing: /home/sourcelinux/ros_parol/src/install/parol6_moveit/share/parol6_moveit/config/ros2_controllers.yaml
[0.513s] -- Installing: /home/sourcelinux/ros_parol/src/install/parol6_moveit/share/parol6_moveit/config/parol6.ros2_control.xacro
[0.513s] -- Installing: /home/sourcelinux/ros_parol/src/install/parol6_moveit/share/parol6_moveit/.setup_assistant
[0.515s] Invoked command in '/home/sourcelinux/ros_parol/src/build/parol6_moveit' returned '0': AMENT_PREFIX_PATH=/home/sourcelinux/ros_parol/src/install/parol6:${AMENT_PREFIX_PATH} CMAKE_PREFIX_PATH=/home/sourcelinux/ros_parol/src/install/parol6:/home/sourcelinux/ros2_ws2/install/parol6_moveit:/home/sourcelinux/ros2_ws2/install/moveit_robot_arm_sim:/opt/ros/jazzy:/home/sourcelinux/ros2_ws2/install/parol6 /usr/bin/cmake --install /home/sourcelinux/ros_parol/src/build/parol6_moveit
