[0.008s] Invoking command in '/home/sourcelinux/ros_parol/src/build/parol6': CMAKE_PREFIX_PATH=/home/sourcelinux/ros2_ws2/install/parol6_moveit:/home/sourcelinux/ros2_ws2/install/moveit_robot_arm_sim:/opt/ros/jazzy:/home/sourcelinux/ros2_ws2/install/parol6 /usr/bin/cmake /home/sourcelinux/ros_parol/src/parol6 -DCMAKE_INSTALL_PREFIX=/home/sourcelinux/ros_parol/src/install/parol6
[0.052s] -- The C compiler identification is GNU 11.4.0
[0.093s] -- The CXX compiler identification is GNU 11.4.0
[0.098s] -- Detecting C compiler ABI info
[0.157s] -- Detecting C compiler ABI info - done
[0.162s] -- Check for working C compiler: /usr/bin/cc - skipped
[0.162s] -- Detecting C compile features
[0.162s] -- Detecting C compile features - done
[0.164s] -- Detecting CXX compiler ABI info
[0.227s] -- Detecting CXX compiler ABI info - done
[0.232s] -- Check for working CXX compiler: /usr/bin/c++ - skipped
[0.232s] -- Detecting CXX compile features
[0.233s] -- Detecting CXX compile features - done
[0.235s] -- Found ament_cmake: 1.3.11 (/opt/ros/jazzy/share/ament_cmake/cmake)
[0.347s] -- Found Python3: /usr/bin/python3 (found version "3.10.12") found components: Interpreter 
[0.459s] -- Configuring done
[0.461s] -- Generating done
[0.463s] -- Build files have been written to: /home/sourcelinux/ros_parol/src/build/parol6
[0.466s] Invoked command in '/home/sourcelinux/ros_parol/src/build/parol6' returned '0': CMAKE_PREFIX_PATH=/home/sourcelinux/ros2_ws2/install/parol6_moveit:/home/sourcelinux/ros2_ws2/install/moveit_robot_arm_sim:/opt/ros/jazzy:/home/sourcelinux/ros2_ws2/install/parol6 /usr/bin/cmake /home/sourcelinux/ros_parol/src/parol6 -DCMAKE_INSTALL_PREFIX=/home/sourcelinux/ros_parol/src/install/parol6
[0.468s] Invoking command in '/home/sourcelinux/ros_parol/src/build/parol6': CMAKE_PREFIX_PATH=/home/sourcelinux/ros2_ws2/install/parol6_moveit:/home/sourcelinux/ros2_ws2/install/moveit_robot_arm_sim:/opt/ros/jazzy:/home/sourcelinux/ros2_ws2/install/parol6 /usr/bin/cmake --build /home/sourcelinux/ros_parol/src/build/parol6 -- -j12 -l12
[0.497s] Invoked command in '/home/sourcelinux/ros_parol/src/build/parol6' returned '0': CMAKE_PREFIX_PATH=/home/sourcelinux/ros2_ws2/install/parol6_moveit:/home/sourcelinux/ros2_ws2/install/moveit_robot_arm_sim:/opt/ros/jazzy:/home/sourcelinux/ros2_ws2/install/parol6 /usr/bin/cmake --build /home/sourcelinux/ros_parol/src/build/parol6 -- -j12 -l12
[0.505s] Invoking command in '/home/sourcelinux/ros_parol/src/build/parol6': CMAKE_PREFIX_PATH=/home/sourcelinux/ros2_ws2/install/parol6_moveit:/home/sourcelinux/ros2_ws2/install/moveit_robot_arm_sim:/opt/ros/jazzy:/home/sourcelinux/ros2_ws2/install/parol6 /usr/bin/cmake --install /home/sourcelinux/ros_parol/src/build/parol6
[0.510s] -- Install configuration: ""
[0.510s] -- Installing: /home/sourcelinux/ros_parol/src/install/parol6/share/parol6/urdf
[0.510s] -- Installing: /home/sourcelinux/ros_parol/src/install/parol6/share/parol6/urdf/parol6.csv
[0.510s] -- Installing: /home/sourcelinux/ros_parol/src/install/parol6/share/parol6/urdf/PAROL6 (copy).urdf
[0.510s] -- Installing: /home/sourcelinux/ros_parol/src/install/parol6/share/parol6/urdf/parol6.urdf
[0.510s] -- Installing: /home/sourcelinux/ros_parol/src/install/parol6/share/parol6/launch
[0.511s] -- Installing: /home/sourcelinux/ros_parol/src/install/parol6/share/parol6/launch/gazebo.launch
[0.511s] -- Installing: /home/sourcelinux/ros_parol/src/install/parol6/share/parol6/launch/display.launch
[0.511s] -- Installing: /home/sourcelinux/ros_parol/src/install/parol6/share/parol6/meshes
[0.511s] -- Installing: /home/sourcelinux/ros_parol/src/install/parol6/share/parol6/meshes/L3.STL
[0.511s] -- Installing: /home/sourcelinux/ros_parol/src/install/parol6/share/parol6/meshes/base_link.STL
[0.514s] -- Installing: /home/sourcelinux/ros_parol/src/install/parol6/share/parol6/meshes/L2.STL
[0.516s] -- Installing: /home/sourcelinux/ros_parol/src/install/parol6/share/parol6/meshes/L4.STL
[0.516s] -- Installing: /home/sourcelinux/ros_parol/src/install/parol6/share/parol6/meshes/L1.STL
[0.518s] -- Installing: /home/sourcelinux/ros_parol/src/install/parol6/share/parol6/meshes/L6.STL
[0.519s] -- Installing: /home/sourcelinux/ros_parol/src/install/parol6/share/parol6/meshes/L5.STL
[0.520s] -- Installing: /home/sourcelinux/ros_parol/src/install/parol6/share/ament_index/resource_index/package_run_dependencies/parol6
[0.520s] -- Installing: /home/sourcelinux/ros_parol/src/install/parol6/share/ament_index/resource_index/parent_prefix_path/parol6
[0.520s] -- Installing: /home/sourcelinux/ros_parol/src/install/parol6/share/parol6/environment/ament_prefix_path.sh
[0.520s] -- Installing: /home/sourcelinux/ros_parol/src/install/parol6/share/parol6/environment/ament_prefix_path.dsv
[0.521s] -- Installing: /home/sourcelinux/ros_parol/src/install/parol6/share/parol6/environment/path.sh
[0.521s] -- Installing: /home/sourcelinux/ros_parol/src/install/parol6/share/parol6/environment/path.dsv
[0.521s] -- Installing: /home/sourcelinux/ros_parol/src/install/parol6/share/parol6/local_setup.bash
[0.521s] -- Installing: /home/sourcelinux/ros_parol/src/install/parol6/share/parol6/local_setup.sh
[0.521s] -- Installing: /home/sourcelinux/ros_parol/src/install/parol6/share/parol6/local_setup.zsh
[0.521s] -- Installing: /home/sourcelinux/ros_parol/src/install/parol6/share/parol6/local_setup.dsv
[0.521s] -- Installing: /home/sourcelinux/ros_parol/src/install/parol6/share/parol6/package.dsv
[0.521s] -- Installing: /home/sourcelinux/ros_parol/src/install/parol6/share/ament_index/resource_index/packages/parol6
[0.522s] -- Installing: /home/sourcelinux/ros_parol/src/install/parol6/share/parol6/cmake/parol6Config.cmake
[0.522s] -- Installing: /home/sourcelinux/ros_parol/src/install/parol6/share/parol6/cmake/parol6Config-version.cmake
[0.522s] -- Installing: /home/sourcelinux/ros_parol/src/install/parol6/share/parol6/package.xml
[0.524s] Invoked command in '/home/sourcelinux/ros_parol/src/build/parol6' returned '0': CMAKE_PREFIX_PATH=/home/sourcelinux/ros2_ws2/install/parol6_moveit:/home/sourcelinux/ros2_ws2/install/moveit_robot_arm_sim:/opt/ros/jazzy:/home/sourcelinux/ros2_ws2/install/parol6 /usr/bin/cmake --install /home/sourcelinux/ros_parol/src/build/parol6
